npm verbose cli /home/ankit/.nvm/versions/node/v20.20.0/bin/node /home/ankit/.nvm/versions/node/v20.20.0/bin/npm
npm info using npm@10.8.2
npm info using node@v20.20.0
npm verbose title npm install
npm verbose argv "install" "--loglevel" "verbose"
npm verbose logfile logs-max:10 dir:/home/ankit/.npm/_logs/2026-04-06T20_20_36_286Z-
npm verbose logfile /home/ankit/.npm/_logs/2026-04-06T20_20_36_286Z-debug-0.log
npm http fetch GET 200 https://registry.npmjs.org/@supabase%2fsupabase-js 735ms (cache revalidated)
npm http fetch GET 200 https://registry.npmjs.org/clsx 353ms (cache revalidated)
npm http fetch GET 200 https://registry.npmjs.org/framer-motion 82ms (cache revalidated)
npm http fetch GET 200 https://registry.npmjs.org/@emotion%2fis-prop-valid 299ms (cache revalidated)
npm http fetch GET 200 https://registry.npmjs.org/react 85ms (cache revalidated)
npm http fetch GET 200 https://registry.npmjs.org/react-dom 104ms (cache revalidated)
npm http fetch GET 200 https://registry.npmjs.org/next 129ms (cache revalidated)
npm http fetch GET 200 https://registry.npmjs.org/@opentelemetry%2fapi 84ms (cache revalidated)
npm http fetch GET 200 https://registry.npmjs.org/@playwright%2ftest 94ms (cache revalidated)
npm http fetch GET 200 https://registry.npmjs.org/sass 76ms (cache revalidated)
npm http fetch GET 200 https://registry.npmjs.org/react-hot-toast 884ms (cache revalidated)
npm http fetch GET 200 https://registry.npmjs.org/resend 342ms (cache revalidated)
npm http fetch GET 200 https://registry.npmjs.org/tailwind-merge 352ms (cache revalidated)
npm http fetch GET 200 https://registry.npmjs.org/zustand 78ms (cache revalidated)
npm http fetch GET 200 https://registry.npmjs.org/@types%2freact 79ms (cache revalidated)
npm http fetch GET 200 https://registry.npmjs.org/immer 65ms (cache revalidated)
npm http fetch GET 200 https://registry.npmjs.org/@netlify%2fplugin-nextjs 852ms (cache revalidated)
npm http fetch GET 200 https://registry.npmjs.org/@types%2fnode 115ms (cache revalidated)
npm http fetch GET 200 https://registry.npmjs.org/@types%2freact-dom 96ms (cache revalidated)
npm http fetch GET 200 https://registry.npmjs.org/autoprefixer 87ms (cache revalidated)
npm http fetch GET 200 https://registry.npmjs.org/postcss 58ms (cache revalidated)
npm http fetch GET 200 https://registry.npmjs.org/eslint 86ms (cache revalidated)
npm http fetch GET 200 https://registry.npmjs.org/eslint-config-next 72ms (cache revalidated)
npm http fetch GET 200 https://registry.npmjs.org/typescript 91ms (cache revalidated)
npm http fetch GET 200 https://registry.npmjs.org/tailwindcss 90ms (cache revalidated)
npm http fetch GET 200 https://registry.npmjs.org/@supabase%2fauth-js 277ms (cache revalidated)
npm http fetch GET 200 https://registry.npmjs.org/source-map-js 71ms (cache revalidated)
npm http fetch GET 200 https://registry.npmjs.org/ajv 75ms (cache revalidated)
npm http fetch GET 200 https://registry.npmjs.org/@types%2fprop-types 445ms (cache revalidated)
npm http fetch GET 200 https://registry.npmjs.org/levn 73ms (cache revalidated)
npm http fetch GET 200 https://registry.npmjs.org/chalk 70ms (cache revalidated)
npm http fetch GET 200 https://registry.npmjs.org/debug 58ms (cache revalidated)
npm http fetch GET 200 https://registry.npmjs.org/espree 68ms (cache revalidated)
npm http fetch GET 200 https://registry.npmjs.org/ignore 69ms (cache revalidated)
npm http fetch GET 200 https://registry.npmjs.org/esquery 69ms (cache revalidated)
npm http fetch GET 200 https://registry.npmjs.org/esutils 67ms (cache revalidated)
npm http fetch GET 200 https://registry.npmjs.org/find-up 82ms (cache revalidated)
npm http fetch GET 200 https://registry.npmjs.org/globals 71ms (cache revalidated)
npm http fetch GET 200 https://registry.npmjs.org/is-glob 72ms (cache revalidated)
npm http fetch GET 200 https://registry.npmjs.org/js-yaml 67ms (cache revalidated)
npm http fetch GET 200 https://registry.npmjs.org/doctrine 72ms (cache revalidated)
npm http fetch GET 200 https://registry.npmjs.org/minimatch 73ms (cache revalidated)
npm http fetch GET 200 https://registry.npmjs.org/caniuse-lite 1013ms (cache revalidated)
npm http fetch GET 200 https://registry.npmjs.org/csstype 1028ms (cache revalidated)
npm http fetch GET 200 https://registry.npmjs.org/postcss-value-parser 1025ms (cache revalidated)
npm http fetch GET 200 https://registry.npmjs.org/picocolors 1026ms (cache revalidated)
npm http fetch GET 200 https://registry.npmjs.org/@eslint%2fjs 86ms (cache revalidated)
npm http fetch GET 200 https://registry.npmjs.org/strip-ansi 73ms (cache revalidated)
npm http fetch GET 200 https://registry.npmjs.org/glob-parent 64ms (cache revalidated)
npm http fetch GET 200 https://registry.npmjs.org/imurmurhash 63ms (cache revalidated)
npm http fetch GET 200 https://registry.npmjs.org/@supabase%2fpostgrest-js 1179ms (cache revalidated)
npm http fetch GET 200 https://registry.npmjs.org/graphemer 344ms (cache revalidated)
npm http fetch GET 200 https://registry.npmjs.org/eslint-scope 74ms (cache revalidated)
npm http fetch GET 200 https://registry.npmjs.org/optionator 211ms (cache revalidated)
npm http fetch GET 200 https://registry.npmjs.org/undici-types 1237ms (cache revalidated)
npm http fetch GET 200 https://registry.npmjs.org/cross-spawn 210ms (cache revalidated)
npm http fetch GET 200 https://registry.npmjs.org/text-table 213ms (cache revalidated)
npm http fetch GET 200 https://registry.npmjs.org/lodash.merge 76ms (cache revalidated)
npm http fetch GET 200 https://registry.npmjs.org/is-path-inside 69ms (cache revalidated)
npm http fetch GET 200 https://registry.npmjs.org/natural-compare 65ms (cache revalidated)
npm http fetch GET 200 https://registry.npmjs.org/fast-deep-equal 67ms (cache revalidated)
npm http fetch GET 200 https://registry.npmjs.org/file-entry-cache 90ms (cache revalidated)
npm http fetch GET 200 https://registry.npmjs.org/@eslint-community%2fregexpp 78ms (cache revalidated)
npm http fetch GET 200 https://registry.npmjs.org/@humanwhocodes%2fconfig-array 82ms (cache revalidated)
npm http fetch GET 200 https://registry.npmjs.org/@humanwhocodes%2fmodule-importer 79ms (cache revalidated)
npm http fetch GET 200 https://registry.npmjs.org/@eslint-community%2feslint-utils 87ms (cache revalidated)
npm http fetch GET 200 https://registry.npmjs.org/picocolors 1486ms (cache revalidated)
npm http fetch GET 200 https://registry.npmjs.org/eslint-plugin-react 77ms (cache revalidated)
npm http fetch GET 200 https://registry.npmjs.org/fraction.js 1500ms (cache revalidated)
npm http fetch GET 200 https://registry.npmjs.org/eslint-plugin-import 82ms (cache revalidated)
npm http fetch GET 200 https://registry.npmjs.org/escape-string-regexp 278ms (cache revalidated)
npm http fetch GET 200 https://registry.npmjs.org/eslint-visitor-keys 284ms (cache revalidated)
npm http fetch GET 200 https://registry.npmjs.org/browserslist 1529ms (cache revalidated)
npm http fetch GET 200 https://registry.npmjs.org/@eslint%2feslintrc 301ms (cache revalidated)
npm http fetch GET 200 https://registry.npmjs.org/@rushstack%2feslint-patch 75ms (cache revalidated)
npm http fetch GET 200 https://registry.npmjs.org/motion-dom 72ms (cache revalidated)
npm http fetch GET 200 https://registry.npmjs.org/@supabase%2frealtime-js 1759ms (cache revalidated)
npm http fetch GET 200 https://registry.npmjs.org/tslib 230ms (cache revalidated)
npm http fetch GET 200 https://registry.npmjs.org/eslint-import-resolver-node 241ms (cache revalidated)
npm http fetch GET 200 https://registry.npmjs.org/eslint-plugin-react-hooks 257ms (cache revalidated)
npm http fetch GET 200 https://registry.npmjs.org/eslint-plugin-jsx-a11y 348ms (cache revalidated)
npm http fetch GET 200 https://registry.npmjs.org/@nodelib%2ffs.walk 612ms (cache revalidated)
npm http fetch GET 200 https://registry.npmjs.org/caniuse-lite 4ms (cache hit)
npm http fetch GET 200 https://registry.npmjs.org/@ungap%2fstructured-clone 611ms (cache revalidated)
npm http fetch GET 200 https://registry.npmjs.org/@next%2fswc-darwin-arm64 83ms (cache revalidated)
npm http fetch GET 200 https://registry.npmjs.org/nanoid 1993ms (cache revalidated)
npm http fetch GET 200 https://registry.npmjs.org/motion-utils 351ms (cache revalidated)
npm http fetch GET 200 https://registry.npmjs.org/eslint-import-resolver-typescript 480ms (cache revalidated)
npm http fetch GET 200 https://registry.npmjs.org/graceful-fs 227ms (cache revalidated)
npm http fetch GET 200 https://registry.npmjs.org/styled-jsx 293ms (cache revalidated)
npm http fetch GET 200 https://registry.npmjs.org/@next%2fenv 306ms (cache revalidated)
npm http fetch GET 200 https://registry.npmjs.org/@typescript-eslint%2fparser 617ms (cache revalidated)
npm http fetch GET 200 https://registry.npmjs.org/json-stable-stringify-without-jsonify 878ms (cache revalidated)
npm http fetch GET 200 https://registry.npmjs.org/@supabase%2fstorage-js 2224ms (cache revalidated)
npm http fetch GET 200 https://registry.npmjs.org/@next%2fswc-linux-x64-gnu 262ms (cache revalidated)
npm http fetch GET 200 https://registry.npmjs.org/@next%2feslint-plugin-next 754ms (cache revalidated)
npm http fetch GET 200 https://registry.npmjs.org/@next%2fswc-linux-arm64-musl 244ms (cache revalidated)
npm http fetch GET 200 https://registry.npmjs.org/busboy 568ms (cache revalidated)
npm http fetch GET 200 https://registry.npmjs.org/loose-envify 144ms (cache revalidated)
npm http fetch GET 200 https://registry.npmjs.org/@next%2fswc-win32-arm64-msvc 281ms (cache revalidated)
npm http fetch GET 200 https://registry.npmjs.org/loose-envify 187ms (cache revalidated)
npm http fetch GET 200 https://registry.npmjs.org/arg 86ms (cache revalidated)
npm http fetch GET 200 https://registry.npmjs.org/jiti 69ms (cache revalidated)
npm http fetch GET 200 https://registry.npmjs.org/@swc%2fhelpers 630ms (cache revalidated)
npm http fetch GET 200 https://registry.npmjs.org/resolve 79ms (cache revalidated)
npm http fetch GET 200 https://registry.npmjs.org/sucrase 82ms (cache revalidated)
npm http fetch GET 200 https://registry.npmjs.org/fast-glob 66ms (cache revalidated)
npm http fetch GET 200 https://registry.npmjs.org/@next%2fswc-darwin-x64 647ms (cache revalidated)
npm http fetch GET 200 https://registry.npmjs.org/scheduler 326ms (cache revalidated)
npm http fetch GET 200 https://registry.npmjs.org/didyoumean 82ms (cache revalidated)
npm http fetch GET 200 https://registry.npmjs.org/micromatch 77ms (cache revalidated)
npm http fetch GET 200 https://registry.npmjs.org/object-hash 113ms (cache revalidated)
npm http fetch GET 200 https://registry.npmjs.org/postcss-nested 75ms (cache revalidated)
npm http fetch GET 200 https://registry.npmjs.org/postcss-import 80ms (cache revalidated)
npm http fetch GET 200 https://registry.npmjs.org/postcss-selector-parser 66ms (cache revalidated)
npm http fetch GET 200 https://registry.npmjs.org/postcss-load-config 70ms (cache revalidated)
npm http fetch GET 200 https://registry.npmjs.org/@alloc%2fquick-lru 81ms (cache revalidated)
npm http fetch GET 200 https://registry.npmjs.org/normalize-path 188ms (cache revalidated)
npm http fetch GET 200 https://registry.npmjs.org/dlv 438ms (cache revalidated)
npm http fetch GET 200 https://registry.npmjs.org/use-sync-external-store 75ms (cache revalidated)
npm http fetch GET 200 https://registry.npmjs.org/@supabase%2ffunctions-js 2828ms (cache revalidated)
npm http fetch GET 200 https://registry.npmjs.org/@next%2fswc-win32-x64-msvc 842ms (cache revalidated)
npm http fetch GET 200 https://registry.npmjs.org/@next%2fswc-linux-arm64-gnu 925ms (cache revalidated)
npm http fetch GET 200 https://registry.npmjs.org/goober 718ms (cache revalidated)
npm http fetch GET 200 https://registry.npmjs.org/postcss-js 496ms (cache revalidated)
npm http fetch GET 200 https://registry.npmjs.org/lilconfig 535ms (cache revalidated)
npm http fetch GET 200 https://registry.npmjs.org/@react-email%2frender 856ms (cache revalidated)
npm http fetch GET 200 https://registry.npmjs.org/@next%2fswc-linux-x64-musl 1204ms (cache revalidated)
npm http fetch GET 200 https://registry.npmjs.org/chokidar 862ms (cache revalidated)
npm http fetch GET 200 https://registry.npmjs.org/@next%2fswc-win32-ia32-msvc 1376ms (cache revalidated)
npm http fetch GET 200 https://registry.npmjs.org/ws 80ms (cache revalidated)
npm http fetch GET 200 https://registry.npmjs.org/@supabase%2fphoenix 89ms (cache revalidated)
npm http fetch GET 200 https://registry.npmjs.org/iceberg-js 542ms (cache revalidated)
npm http fetch GET 200 https://registry.npmjs.org/@types%2fws 817ms (cache revalidated)
npm http fetch GET 200 https://registry.npmjs.org/bufferutil 66ms (cache revalidated)
npm http fetch GET 200 https://registry.npmjs.org/utf-8-validate 212ms (cache revalidated)
npm http fetch GET 200 https://registry.npmjs.org/caniuse-lite 10ms (cache hit)
npm http fetch GET 200 https://registry.npmjs.org/electron-to-chromium 88ms (cache revalidated)
npm http fetch GET 200 https://registry.npmjs.org/update-browserslist-db 518ms (cache revalidated)
npm http fetch GET 200 https://registry.npmjs.org/baseline-browser-mapping 520ms (cache revalidated)
npm http fetch GET 200 https://registry.npmjs.org/node-releases 1041ms (cache revalidated)
npm http fetch GET 200 https://registry.npmjs.org/escalade 442ms (cache revalidated)
npm http fetch GET 200 https://registry.npmjs.org/eslint 5ms (cache hit)
npm http fetch GET 200 https://registry.npmjs.org/fastq 89ms (cache revalidated)
npm http fetch GET 200 https://registry.npmjs.org/ms 87ms (cache revalidated)
npm http fetch GET 200 https://registry.npmjs.org/import-fresh 97ms (cache revalidated)
npm http fetch GET 200 https://registry.npmjs.org/path-key 95ms (cache revalidated)
npm http fetch GET 200 https://registry.npmjs.org/supports-color 97ms (cache revalidated)
npm http fetch GET 200 https://registry.npmjs.org/estraverse 69ms (cache revalidated)
npm http fetch GET 200 https://registry.npmjs.org/acorn 66ms (cache revalidated)
npm http fetch GET 200 https://registry.npmjs.org/estraverse 68ms (cache revalidated)
npm http fetch GET 200 https://registry.npmjs.org/acorn-jsx 78ms (cache revalidated)
npm http fetch GET 200 https://registry.npmjs.org/flat-cache 78ms (cache revalidated)
npm http fetch GET 200 https://registry.npmjs.org/locate-path 73ms (cache revalidated)
npm http fetch GET 200 https://registry.npmjs.org/path-exists 94ms (cache revalidated)
npm http fetch GET 200 https://registry.npmjs.org/type-fest 92ms (cache revalidated)
npm http fetch GET 200 https://registry.npmjs.org/argparse 89ms (cache revalidated)
npm http fetch GET 200 https://registry.npmjs.org/is-extglob 97ms (cache revalidated)
npm http fetch GET 200 https://registry.npmjs.org/ansi-styles 278ms (cache revalidated)
npm http fetch GET 200 https://registry.npmjs.org/shebang-command 285ms (cache revalidated)
npm http fetch GET 200 https://registry.npmjs.org/which 287ms (cache revalidated)
npm http fetch GET 200 https://registry.npmjs.org/strip-json-comments 305ms (cache revalidated)
npm http fetch GET 200 https://registry.npmjs.org/prelude-ls 72ms (cache revalidated)
npm http fetch GET 200 https://registry.npmjs.org/type-check 74ms (cache revalidated)
npm http fetch GET 200 https://registry.npmjs.org/brace-expansion 76ms (cache revalidated)
npm http fetch GET 200 https://registry.npmjs.org/prelude-ls 75ms (cache revalidated)
npm http fetch GET 200 https://registry.npmjs.org/deep-is 74ms (cache revalidated)
npm http fetch GET 200 https://registry.npmjs.org/@humanwhocodes%2fobject-schema 351ms (cache revalidated)
npm http fetch GET 200 https://registry.npmjs.org/@nodelib%2ffs.scandir 367ms (cache revalidated)
npm http fetch GET 200 https://registry.npmjs.org/esrecurse 538ms (cache revalidated)
npm http fetch GET 200 https://registry.npmjs.org/json-schema-traverse 561ms (cache revalidated)
npm http fetch GET 200 https://registry.npmjs.org/type-check 287ms (cache revalidated)
npm http fetch GET 200 https://registry.npmjs.org/ansi-regex 280ms (cache revalidated)
npm http fetch GET 200 https://registry.npmjs.org/fast-levenshtein 294ms (cache revalidated)
npm http fetch GET 200 https://registry.npmjs.org/word-wrap 575ms (cache revalidated)
npm http fetch GET 200 https://registry.npmjs.org/fast-json-stable-stringify 1064ms (cache revalidated)
npm http fetch GET 200 https://registry.npmjs.org/uri-js 1063ms (cache revalidated)
npm http fetch GET 200 https://registry.npmjs.org/resolve-from 64ms (cache revalidated)
npm http fetch GET 200 https://registry.npmjs.org/parent-module 67ms (cache revalidated)
npm http fetch GET 200 https://registry.npmjs.org/reusify 78ms (cache revalidated)
npm http fetch GET 200 https://registry.npmjs.org/run-parallel 80ms (cache revalidated)
npm http fetch GET 200 https://registry.npmjs.org/@nodelib%2ffs.stat 91ms (cache revalidated)
npm http fetch GET 200 https://registry.npmjs.org/queue-microtask 69ms (cache revalidated)
npm http fetch GET 200 https://registry.npmjs.org/punycode 70ms (cache revalidated)
npm http fetch GET 200 https://registry.npmjs.org/color-convert 324ms (cache revalidated)
npm http fetch GET 200 https://registry.npmjs.org/has-flag 340ms (cache revalidated)
npm http fetch GET 200 https://registry.npmjs.org/color-name 80ms (cache revalidated)
npm http fetch GET 200 https://registry.npmjs.org/isexe 105ms (cache revalidated)
npm http fetch GET 200 https://registry.npmjs.org/shebang-regex 144ms (cache revalidated)
npm http fetch GET 200 https://registry.npmjs.org/eslint 6ms (cache hit)
npm http fetch GET 200 https://registry.npmjs.org/eslint-plugin-import-x 335ms (cache revalidated)
npm http fetch GET 200 https://registry.npmjs.org/@typescript-eslint%2futils 1421ms (cache revalidated)
npm http fetch GET 200 https://registry.npmjs.org/typescript 27ms (cache hit)
npm http fetch GET 200 https://registry.npmjs.org/is-core-module 81ms (cache revalidated)
npm http fetch GET 200 https://registry.npmjs.org/unrs-resolver 83ms (cache revalidated)
npm http fetch GET 200 https://registry.npmjs.org/stable-hash 89ms (cache revalidated)
npm http fetch GET 200 https://registry.npmjs.org/@typescript-eslint%2ftypes 114ms (cache revalidated)
npm http fetch GET 200 https://registry.npmjs.org/@typescript-eslint%2ftypescript-estree 183ms (cache revalidated)
npm http fetch GET 200 https://registry.npmjs.org/eslint-module-utils 175ms (cache revalidated)
npm http fetch GET 200 https://registry.npmjs.org/array.prototype.flatmap 182ms (cache revalidated)
npm http fetch GET 200 https://registry.npmjs.org/object.fromentries 81ms (cache revalidated)
npm http fetch GET 200 https://registry.npmjs.org/object.values 81ms (cache revalidated)
npm http fetch GET 200 https://registry.npmjs.org/hasown 186ms (cache revalidated)
npm http fetch GET 200 https://registry.npmjs.org/object.groupby 86ms (cache revalidated)
npm http fetch GET 200 https://registry.npmjs.org/array.prototype.flat 336ms (cache revalidated)
npm http fetch GET 200 https://registry.npmjs.org/semver 75ms (cache revalidated)
npm http fetch GET 200 https://registry.npmjs.org/tsconfig-paths 82ms (cache revalidated)
npm http fetch GET 200 https://registry.npmjs.org/aria-query 83ms (cache revalidated)
npm http fetch GET 200 https://registry.npmjs.org/string.prototype.trimend 89ms (cache revalidated)
npm http fetch GET 200 https://registry.npmjs.org/ast-types-flow 75ms (cache revalidated)
npm http fetch GET 200 https://registry.npmjs.org/damerau-levenshtein 62ms (cache revalidated)
npm http fetch GET 200 https://registry.npmjs.org/axobject-query 69ms (cache revalidated)
npm http fetch GET 200 https://registry.npmjs.org/jsx-ast-utils 75ms (cache revalidated)
npm http fetch GET 200 https://registry.npmjs.org/emoji-regex 85ms (cache revalidated)
npm http fetch GET 200 https://registry.npmjs.org/language-tags 80ms (cache revalidated)
npm http fetch GET 200 https://registry.npmjs.org/string.prototype.includes 71ms (cache revalidated)
npm http fetch GET 200 https://registry.npmjs.org/safe-regex-test 79ms (cache revalidated)
npm http fetch GET 200 https://registry.npmjs.org/array-includes 76ms (cache revalidated)
npm http fetch GET 200 https://registry.npmjs.org/array.prototype.findlast 66ms (cache revalidated)
npm http fetch GET 200 https://registry.npmjs.org/es-iterator-helpers 64ms (cache revalidated)
npm http fetch GET 200 https://registry.npmjs.org/array.prototype.tosorted 73ms (cache revalidated)
npm http fetch GET 200 https://registry.npmjs.org/glob 740ms (cache revalidated)
npm http fetch GET 200 https://registry.npmjs.org/array-includes 336ms (cache revalidated)
npm http fetch GET 200 https://registry.npmjs.org/axe-core 347ms (cache revalidated)
npm http fetch GET 200 https://registry.npmjs.org/tinyglobby 826ms (cache revalidated)
npm http fetch GET 200 https://registry.npmjs.org/array.prototype.findlastindex 823ms (cache revalidated)
npm http fetch GET 200 https://registry.npmjs.org/string.prototype.repeat 87ms (cache revalidated)
npm http fetch GET 200 https://registry.npmjs.org/object.entries 100ms (cache revalidated)
npm http fetch GET 200 https://registry.npmjs.org/get-tsconfig 828ms (cache revalidated)
npm http fetch GET 200 https://registry.npmjs.org/string.prototype.matchall 93ms (cache revalidated)
npm http fetch GET 200 https://registry.npmjs.org/@typescript-eslint%2fscope-manager 898ms (cache revalidated)
npm http fetch GET 200 https://registry.npmjs.org/@typescript-eslint%2fvisitor-keys 996ms (cache revalidated)
npm http fetch GET 200 https://registry.npmjs.org/is-bun-module 1060ms (cache revalidated)
npm http fetch GET 200 https://registry.npmjs.org/array-includes 1229ms (cache revalidated)
npm http fetch GET 200 https://registry.npmjs.org/@rtsao%2fscc 1242ms (cache revalidated)
npm http fetch GET 200 https://registry.npmjs.org/@nolyfill%2fis-core-module 1273ms (cache revalidated)
npm http fetch GET 200 https://registry.npmjs.org/prop-types 1101ms (cache revalidated)
npm http fetch GET 200 https://registry.npmjs.org/minipass 67ms (cache revalidated)
npm http fetch GET 200 https://registry.npmjs.org/jackspeak 78ms (cache revalidated)
npm http fetch GET 200 https://registry.npmjs.org/path-scurry 330ms (cache revalidated)
npm http fetch GET 200 https://registry.npmjs.org/foreground-child 578ms (cache revalidated)
npm http fetch GET 200 https://registry.npmjs.org/ts-api-utils 84ms (cache revalidated)
npm http fetch GET 200 https://registry.npmjs.org/globby 1056ms (cache revalidated)
npm http fetch GET 200 https://registry.npmjs.org/typescript 27ms (cache hit)
npm http fetch GET 200 https://registry.npmjs.org/slash 91ms (cache revalidated)
npm http fetch GET 200 https://registry.npmjs.org/merge2 96ms (cache revalidated)
npm http fetch GET 200 https://registry.npmjs.org/array-union 96ms (cache revalidated)
npm http fetch GET 200 https://registry.npmjs.org/dir-glob 1182ms (cache revalidated)
npm http fetch GET 200 https://registry.npmjs.org/object-keys 211ms (cache revalidated)
npm http fetch GET 200 https://registry.npmjs.org/es-errors 222ms (cache revalidated)
npm http fetch GET 200 https://registry.npmjs.org/supports-preserve-symlinks-flag 233ms (cache revalidated)
npm http fetch GET 200 https://registry.npmjs.org/path-parse 543ms (cache revalidated)
npm http fetch GET 200 https://registry.npmjs.org/node-exports-info 545ms (cache revalidated)
npm http fetch GET 200 https://registry.npmjs.org/resolve-pkg-maps 100ms (cache revalidated)
npm http fetch GET 200 https://registry.npmjs.org/picomatch 102ms (cache revalidated)
npm http fetch GET 200 https://registry.npmjs.org/@unrs%2fresolver-binding-win32-x64-msvc 105ms (cache revalidated)
npm http fetch GET 200 https://registry.npmjs.org/@unrs%2fresolver-binding-linux-ppc64-gnu 94ms (cache revalidated)
npm http fetch GET 200 https://registry.npmjs.org/fdir 267ms (cache revalidated)
npm http fetch GET 200 https://registry.npmjs.org/@unrs%2fresolver-binding-linux-x64-gnu 360ms (cache revalidated)
npm http fetch GET 200 https://registry.npmjs.org/@unrs%2fresolver-binding-linux-riscv64-gnu 278ms (cache revalidated)
npm http fetch GET 200 https://registry.npmjs.org/@unrs%2fresolver-binding-linux-riscv64-musl 247ms (cache revalidated)
npm http fetch GET 200 https://registry.npmjs.org/@unrs%2fresolver-binding-linux-x64-musl 447ms (cache revalidated)
npm http fetch GET 200 https://registry.npmjs.org/@unrs%2fresolver-binding-linux-arm64-musl 482ms (cache revalidated)
npm http fetch GET 200 https://registry.npmjs.org/@unrs%2fresolver-binding-freebsd-x64 617ms (cache revalidated)
npm http fetch GET 200 https://registry.npmjs.org/@unrs%2fresolver-binding-darwin-arm64 318ms (cache revalidated)
npm http fetch GET 200 https://registry.npmjs.org/@unrs%2fresolver-binding-android-arm-eabi 711ms (cache revalidated)
npm http fetch GET 200 https://registry.npmjs.org/@unrs%2fresolver-binding-win32-arm64-msvc 727ms (cache revalidated)
npm http fetch GET 200 https://registry.npmjs.org/@unrs%2fresolver-binding-linux-s390x-gnu 479ms (cache revalidated)
npm http fetch GET 200 https://registry.npmjs.org/@unrs%2fresolver-binding-linux-arm-gnueabihf 769ms (cache revalidated)
npm http fetch GET 200 https://registry.npmjs.org/@unrs%2fresolver-binding-wasm32-wasi 343ms (cache revalidated)
npm http fetch GET 200 https://registry.npmjs.org/napi-postinstall 822ms (cache revalidated)
npm http fetch GET 200 https://registry.npmjs.org/@unrs%2fresolver-binding-win32-ia32-msvc 851ms (cache revalidated)
npm http fetch GET 200 https://registry.npmjs.org/@unrs%2fresolver-binding-darwin-x64 544ms (cache revalidated)
npm http fetch GET 200 https://registry.npmjs.org/@unrs%2fresolver-binding-linux-arm64-gnu 967ms (cache revalidated)
npm http fetch GET 200 https://registry.npmjs.org/@unrs%2fresolver-binding-android-arm64 980ms (cache revalidated)
npm http fetch GET 200 https://registry.npmjs.org/@unrs%2fresolver-binding-linux-arm-musleabihf 1322ms (cache revalidated)
npm http fetch GET 200 https://registry.npmjs.org/get-intrinsic 106ms (cache revalidated)
npm http fetch GET 200 https://registry.npmjs.org/math-intrinsics 110ms (cache revalidated)
npm http fetch GET 200 https://registry.npmjs.org/es-object-atoms 114ms (cache revalidated)
npm http fetch GET 200 https://registry.npmjs.org/call-bound 115ms (cache revalidated)
npm http fetch GET 200 https://registry.npmjs.org/es-abstract 116ms (cache revalidated)
npm http fetch GET 200 https://registry.npmjs.org/define-properties 67ms (cache revalidated)
npm http fetch GET 200 https://registry.npmjs.org/es-abstract 84ms (cache revalidated)
npm http fetch GET 200 https://registry.npmjs.org/call-bind 88ms (cache revalidated)
npm http fetch GET 200 https://registry.npmjs.org/function-bind 66ms (cache revalidated)
npm http fetch GET 200 https://registry.npmjs.org/is-string 286ms (cache revalidated)
npm http fetch GET 200 https://registry.npmjs.org/es-object-atoms 306ms (cache revalidated)
npm http fetch GET 200 https://registry.npmjs.org/minimist 76ms (cache revalidated)
npm http fetch GET 200 https://registry.npmjs.org/es-shim-unscopables 368ms (cache revalidated)
npm http fetch GET 200 https://registry.npmjs.org/define-properties 383ms (cache revalidated)
npm http fetch GET 200 https://registry.npmjs.org/define-properties 260ms (cache revalidated)
npm http fetch GET 200 https://registry.npmjs.org/es-shim-unscopables 358ms (cache revalidated)
npm http fetch GET 200 https://registry.npmjs.org/es-shim-unscopables 323ms (cache revalidated)
npm http fetch GET 200 https://registry.npmjs.org/json5 333ms (cache revalidated)
npm http fetch GET 200 https://registry.npmjs.org/strip-bom 259ms (cache revalidated)
npm http fetch GET 200 https://registry.npmjs.org/define-properties 552ms (cache revalidated)
npm http fetch GET 200 https://registry.npmjs.org/call-bound 561ms (cache revalidated)
npm http fetch GET 200 https://registry.npmjs.org/call-bind 572ms (cache revalidated)
npm http fetch GET 200 https://registry.npmjs.org/call-bind 564ms (cache revalidated)
npm http fetch GET 200 https://registry.npmjs.org/es-abstract 573ms (cache revalidated)
npm http fetch GET 200 https://registry.npmjs.org/call-bind 580ms (cache revalidated)
npm http fetch GET 200 https://registry.npmjs.org/@types%2fjson5 1082ms (cache revalidated)
npm http fetch GET 200 https://registry.npmjs.org/call-bind-apply-helpers 95ms (cache revalidated)
npm http fetch GET 200 https://registry.npmjs.org/set-function-length 97ms (cache revalidated)
npm http fetch GET 200 https://registry.npmjs.org/define-data-property 98ms (cache revalidated)
npm http fetch GET 200 https://registry.npmjs.org/array-buffer-byte-length 104ms (cache revalidated)
npm http fetch GET 200 https://registry.npmjs.org/es-define-property 108ms (cache revalidated)
npm http fetch GET 200 https://registry.npmjs.org/available-typed-arrays 109ms (cache revalidated)
npm http fetch GET 200 https://registry.npmjs.org/has-property-descriptors 112ms (cache revalidated)
npm http fetch GET 200 https://registry.npmjs.org/has-property-descriptors 20ms (cache hit)
npm http fetch GET 200 https://registry.npmjs.org/function.prototype.name 99ms (cache revalidated)
npm http fetch GET 200 https://registry.npmjs.org/get-proto 105ms (cache revalidated)
npm http fetch GET 200 https://registry.npmjs.org/has-symbols 81ms (cache revalidated)
npm http fetch GET 200 https://registry.npmjs.org/has-proto 102ms (cache revalidated)
npm http fetch GET 200 https://registry.npmjs.org/get-symbol-description 118ms (cache revalidated)
npm http fetch GET 200 https://registry.npmjs.org/gopd 111ms (cache revalidated)
npm http fetch GET 200 https://registry.npmjs.org/globalthis 113ms (cache revalidated)
npm http fetch GET 200 https://registry.npmjs.org/internal-slot 62ms (cache revalidated)
npm http fetch GET 200 https://registry.npmjs.org/es-define-property 274ms (cache revalidated)
npm http fetch GET 200 https://registry.npmjs.org/is-data-view 64ms (cache revalidated)
npm http fetch GET 200 https://registry.npmjs.org/is-array-buffer 85ms (cache revalidated)
npm http fetch GET 200 https://registry.npmjs.org/data-view-byte-offset 287ms (cache revalidated)
npm http fetch GET 200 https://registry.npmjs.org/arraybuffer.prototype.slice 289ms (cache revalidated)
npm http fetch GET 200 https://registry.npmjs.org/is-callable 77ms (cache revalidated)
npm http fetch GET 200 https://registry.npmjs.org/is-set 77ms (cache revalidated)
npm http fetch GET 200 https://registry.npmjs.org/is-negative-zero 87ms (cache revalidated)
npm http fetch GET 200 https://registry.npmjs.org/is-regex 87ms (cache revalidated)
npm http fetch GET 200 https://registry.npmjs.org/is-shared-array-buffer 78ms (cache revalidated)
npm http fetch GET 200 https://registry.npmjs.org/is-weakref 69ms (cache revalidated)
npm http fetch GET 200 https://registry.npmjs.org/object-inspect 79ms (cache revalidated)
npm http fetch GET 200 https://registry.npmjs.org/regexp.prototype.flags 77ms (cache revalidated)
npm http fetch GET 200 https://registry.npmjs.org/safe-array-concat 77ms (cache revalidated)
npm http fetch GET 200 https://registry.npmjs.org/data-view-byte-length 374ms (cache revalidated)
npm http fetch GET 200 https://registry.npmjs.org/call-bind-apply-helpers 379ms (cache revalidated)
npm http fetch GET 200 https://registry.npmjs.org/safe-push-apply 79ms (cache revalidated)
npm http fetch GET 200 https://registry.npmjs.org/set-proto 83ms (cache revalidated)
npm http fetch GET 200 https://registry.npmjs.org/data-view-buffer 392ms (cache revalidated)
npm http fetch GET 200 https://registry.npmjs.org/string.prototype.trimstart 69ms (cache revalidated)
npm http fetch GET 200 https://registry.npmjs.org/typed-array-buffer 76ms (cache revalidated)
npm http fetch GET 200 https://registry.npmjs.org/typed-array-byte-length 73ms (cache revalidated)
npm http fetch GET 200 https://registry.npmjs.org/unbox-primitive 66ms (cache revalidated)
npm http fetch GET 200 https://registry.npmjs.org/which-typed-array 66ms (cache revalidated)
npm http fetch GET 200 https://registry.npmjs.org/typed-array-byte-offset 174ms (cache revalidated)
npm http fetch GET 200 https://registry.npmjs.org/typed-array-length 184ms (cache revalidated)
npm http fetch GET 200 https://registry.npmjs.org/own-keys 273ms (cache revalidated)
npm http fetch GET 200 https://registry.npmjs.org/es-set-tostringtag 564ms (cache revalidated)
npm http fetch GET 200 https://registry.npmjs.org/has-tostringtag 178ms (cache revalidated)
npm http fetch GET 200 https://registry.npmjs.org/es-to-primitive 661ms (cache revalidated)
npm http fetch GET 200 https://registry.npmjs.org/stop-iteration-iterator 328ms (cache revalidated)
npm http fetch GET 200 https://registry.npmjs.org/string.prototype.trim 345ms (cache revalidated)
npm http fetch GET 200 https://registry.npmjs.org/object.assign 531ms (cache revalidated)
npm http fetch GET 200 https://registry.npmjs.org/is-typed-array 544ms (cache revalidated)
npm http fetch GET 200 https://registry.npmjs.org/set-function-name 85ms (cache revalidated)
npm http fetch GET 200 https://registry.npmjs.org/dunder-proto 94ms (cache revalidated)
npm http fetch GET 200 https://registry.npmjs.org/is-symbol 124ms (cache revalidated)
npm http fetch GET 200 https://registry.npmjs.org/dunder-proto 152ms (cache revalidated)
npm http fetch GET 200 https://registry.npmjs.org/isarray 153ms (cache revalidated)
npm http fetch GET 200 https://registry.npmjs.org/dunder-proto 158ms (cache revalidated)
npm http fetch GET 200 https://registry.npmjs.org/reflect.getprototypeof 70ms (cache revalidated)
npm http fetch GET 200 https://registry.npmjs.org/functions-have-names 182ms (cache revalidated)
npm http fetch GET 200 https://registry.npmjs.org/has-bigints 70ms (cache revalidated)
npm http fetch GET 200 https://registry.npmjs.org/reflect.getprototypeof 193ms (cache revalidated)
npm http fetch GET 200 https://registry.npmjs.org/isarray 265ms (cache revalidated)
npm http fetch GET 200 https://registry.npmjs.org/for-each 328ms (cache revalidated)
npm http fetch GET 200 https://registry.npmjs.org/possible-typed-array-names 349ms (cache revalidated)
npm http fetch GET 200 https://registry.npmjs.org/side-channel 348ms (cache revalidated)
npm http fetch GET 200 https://registry.npmjs.org/is-date-object 357ms (cache revalidated)
npm http fetch GET 200 https://registry.npmjs.org/possible-typed-array-names 321ms (cache revalidated)
npm http fetch GET 200 https://registry.npmjs.org/which-boxed-primitive 269ms (cache revalidated)
npm http fetch GET 200 https://registry.npmjs.org/for-each 418ms (cache revalidated)
npm http fetch GET 200 https://registry.npmjs.org/for-each 270ms (cache revalidated)
npm http fetch GET 200 https://registry.npmjs.org/for-each 426ms (cache revalidated)
npm http fetch GET 200 https://registry.npmjs.org/language-subtag-registry 305ms (cache revalidated)
npm http fetch GET 200 https://registry.npmjs.org/object-assign 71ms (cache revalidated)
npm http fetch GET 200 https://registry.npmjs.org/react-is 80ms (cache revalidated)
npm http fetch GET 200 https://registry.npmjs.org/iterator.prototype 563ms (cache revalidated)
npm http fetch GET 200 https://registry.npmjs.org/flatted 77ms (cache revalidated)
npm http fetch GET 200 https://registry.npmjs.org/rimraf 296ms (cache revalidated)
npm http fetch GET 200 https://registry.npmjs.org/keyv 577ms (cache revalidated)
npm http fetch GET 200 https://registry.npmjs.org/p-locate 94ms (cache revalidated)
npm http fetch GET 200 https://registry.npmjs.org/json-buffer 72ms (cache revalidated)
npm http fetch GET 200 https://registry.npmjs.org/lru-cache 92ms (cache revalidated)
npm http fetch GET 200 https://registry.npmjs.org/signal-exit 98ms (cache revalidated)
npm http fetch GET 200 https://registry.npmjs.org/@pkgjs%2fparseargs 624ms (cache revalidated)
npm http fetch GET 200 https://registry.npmjs.org/@isaacs%2fcliui 1391ms (cache revalidated)
npm http fetch GET 200 https://registry.npmjs.org/path-type 1047ms (cache revalidated)
npm http fetch GET 200 https://registry.npmjs.org/braces 562ms (cache revalidated)
npm http fetch GET 200 https://registry.npmjs.org/callsites 251ms (cache revalidated)
npm http fetch GET 200 https://registry.npmjs.org/side-channel-list 72ms (cache revalidated)
npm http fetch GET 200 https://registry.npmjs.org/side-channel-weakmap 284ms (cache revalidated)
npm http fetch GET 200 https://registry.npmjs.org/side-channel-map 289ms (cache revalidated)
npm http fetch GET 200 https://registry.npmjs.org/wrap-ansi 83ms (cache revalidated)
npm http fetch GET 200 https://registry.npmjs.org/wrap-ansi 85ms (cache revalidated)
npm http fetch GET 200 https://registry.npmjs.org/string-width 437ms (cache revalidated)
npm http fetch GET 200 https://registry.npmjs.org/string-width 941ms (cache revalidated)
npm http fetch GET 200 https://registry.npmjs.org/eastasianwidth 88ms (cache revalidated)
npm http fetch GET 200 https://registry.npmjs.org/is-fullwidth-code-point 88ms (cache revalidated)
npm http fetch GET 200 https://registry.npmjs.org/p-limit 85ms (cache revalidated)
npm http fetch GET 200 https://registry.npmjs.org/fill-range 403ms (cache revalidated)
npm http fetch GET 200 https://registry.npmjs.org/to-regex-range 342ms (cache revalidated)
npm http fetch GET 200 https://registry.npmjs.org/is-number 629ms (cache revalidated)
npm http fetch GET 200 https://registry.npmjs.org/balanced-match 83ms (cache revalidated)
npm http fetch GET 200 https://registry.npmjs.org/concat-map 113ms (cache revalidated)
npm http fetch GET 200 https://registry.npmjs.org/react 20ms (cache hit)
npm http fetch GET 200 https://registry.npmjs.org/client-only 309ms (cache revalidated)
npm http fetch GET 200 https://registry.npmjs.org/@swc%2fcounter 385ms (cache revalidated)
npm http fetch GET 200 https://registry.npmjs.org/streamsearch 553ms (cache revalidated)
npm http fetch GET 200 https://registry.npmjs.org/yocto-queue 891ms (cache revalidated)
npm http fetch GET 200 https://registry.npmjs.org/js-tokens 66ms (cache revalidated)
npm http fetch GET 200 https://registry.npmjs.org/react 18ms (cache hit)
npm http fetch GET 200 https://registry.npmjs.org/react-dom 28ms (cache hit)
npm http fetch GET 200 https://registry.npmjs.org/html-to-text 111ms (cache revalidated)
npm http fetch GET 200 https://registry.npmjs.org/prettier 116ms (cache revalidated)
npm http fetch GET 200 https://registry.npmjs.org/react-promise-suspense 359ms (cache revalidated)
npm http fetch GET 200 https://registry.npmjs.org/htmlparser2 88ms (cache revalidated)
npm http fetch GET 200 https://registry.npmjs.org/deepmerge 365ms (cache revalidated)
npm http fetch GET 200 https://registry.npmjs.org/selderee 569ms (cache revalidated)
npm http fetch GET 200 https://registry.npmjs.org/dom-serializer 580ms (cache revalidated)
npm http fetch GET 200 https://registry.npmjs.org/@selderee%2fplugin-htmlparser2 1387ms (cache revalidated)
npm http fetch GET 200 https://registry.npmjs.org/domelementtype 89ms (cache revalidated)
npm http fetch GET 200 https://registry.npmjs.org/domhandler 256ms (cache revalidated)
npm http fetch GET 200 https://registry.npmjs.org/entities 273ms (cache revalidated)
npm http fetch GET 200 https://registry.npmjs.org/domutils 356ms (cache revalidated)
npm http fetch GET 200 https://registry.npmjs.org/parseley 354ms (cache revalidated)
npm http fetch GET 200 https://registry.npmjs.org/entities 371ms (cache revalidated)
npm http fetch GET 200 https://registry.npmjs.org/domhandler 481ms (cache revalidated)
npm http fetch GET 200 https://registry.npmjs.org/domhandler 489ms (cache revalidated)
npm http fetch GET 200 https://registry.npmjs.org/domelementtype 728ms (cache revalidated)
npm http fetch GET 200 https://registry.npmjs.org/fs.realpath 82ms (cache revalidated)
npm http fetch GET 200 https://registry.npmjs.org/once 86ms (cache revalidated)
npm http fetch GET 200 https://registry.npmjs.org/inflight 313ms (cache revalidated)
npm http fetch GET 200 https://registry.npmjs.org/inherits 314ms (cache revalidated)
npm http fetch GET 200 https://registry.npmjs.org/path-is-absolute 578ms (cache revalidated)
npm http fetch GET 200 https://registry.npmjs.org/peberminta 416ms (cache revalidated)
npm http fetch GET 200 https://registry.npmjs.org/leac 418ms (cache revalidated)
npm http fetch GET 200 https://registry.npmjs.org/tsx 77ms (cache revalidated)
npm http fetch GET 200 https://registry.npmjs.org/yaml 323ms (cache revalidated)
npm http fetch GET 200 https://registry.npmjs.org/camelcase-css 87ms (cache revalidated)
npm http fetch GET 200 https://registry.npmjs.org/fsevents 93ms (cache revalidated)
npm http fetch GET 200 https://registry.npmjs.org/readdirp 110ms (cache revalidated)
npm http fetch GET 200 https://registry.npmjs.org/util-deprecate 102ms (cache revalidated)
npm http fetch GET 200 https://registry.npmjs.org/ts-interface-checker 96ms (cache revalidated)
npm http fetch GET 200 https://registry.npmjs.org/lines-and-columns 321ms (cache revalidated)
npm http fetch GET 200 https://registry.npmjs.org/pirates 319ms (cache revalidated)
npm http fetch GET 200 https://registry.npmjs.org/read-cache 338ms (cache revalidated)
npm http fetch GET 200 https://registry.npmjs.org/commander 347ms (cache revalidated)
npm http fetch GET 200 https://registry.npmjs.org/anymatch 367ms (cache revalidated)
npm http fetch GET 200 https://registry.npmjs.org/@jridgewell%2fgen-mapping 445ms (cache revalidated)
npm http fetch GET 200 https://registry.npmjs.org/cssesc 715ms (cache revalidated)
npm http fetch GET 200 https://registry.npmjs.org/is-binary-path 725ms (cache revalidated)
npm http fetch GET 200 https://registry.npmjs.org/mz 884ms (cache revalidated)
npm http fetch GET 200 https://registry.npmjs.org/binary-extensions 95ms (cache revalidated)
npm http fetch GET 200 https://registry.npmjs.org/pify 80ms (cache revalidated)
npm http fetch GET 200 https://registry.npmjs.org/any-promise 77ms (cache revalidated)
npm http fetch GET 200 https://registry.npmjs.org/@jridgewell%2fsourcemap-codec 86ms (cache revalidated)
npm http fetch GET 200 https://registry.npmjs.org/@jridgewell%2ftrace-mapping 95ms (cache revalidated)
npm http fetch GET 200 https://registry.npmjs.org/thenify-all 165ms (cache revalidated)
npm http fetch GET 200 https://registry.npmjs.org/@jridgewell%2fresolve-uri 348ms (cache revalidated)
npm http fetch GET 200 https://registry.npmjs.org/thenify 315ms (cache revalidated)
npm http fetch GET 200 https://registry.npmjs.org/which-builtin-type 282ms (cache revalidated)
npm http fetch GET 200 https://registry.npmjs.org/is-generator-function 84ms (cache revalidated)
npm http fetch GET 200 https://registry.npmjs.org/is-finalizationregistry 235ms (cache revalidated)
npm http fetch GET 200 https://registry.npmjs.org/which-collection 247ms (cache revalidated)
npm http fetch GET 200 https://registry.npmjs.org/is-async-function 251ms (cache revalidated)
npm http fetch GET 200 https://registry.npmjs.org/is-bigint 87ms (cache revalidated)
npm http fetch GET 200 https://registry.npmjs.org/is-boolean-object 166ms (cache revalidated)
npm http fetch GET 200 https://registry.npmjs.org/is-number-object 378ms (cache revalidated)
npm http fetch GET 200 https://registry.npmjs.org/@napi-rs%2fwasm-runtime 81ms (cache revalidated)
npm http fetch GET 200 https://registry.npmjs.org/@emnapi%2fruntime 113ms (cache revalidated)
npm http fetch GET 200 https://registry.npmjs.org/@emnapi%2fcore 116ms (cache revalidated)
npm http fetch GET 200 https://registry.npmjs.org/@tybys%2fwasm-util 892ms (cache revalidated)
npm http fetch GET 200 https://registry.npmjs.org/@emnapi%2fwasi-threads 302ms (cache revalidated)
npm http fetch GET 200 https://registry.npmjs.org/is-map 89ms (cache revalidated)
npm http fetch GET 200 https://registry.npmjs.org/async-function 181ms (cache revalidated)
npm http fetch GET 200 https://registry.npmjs.org/generator-function 181ms (cache revalidated)
npm http fetch GET 200 https://registry.npmjs.org/is-weakset 193ms (cache revalidated)
npm http fetch GET 200 https://registry.npmjs.org/is-weakmap 250ms (cache revalidated)
npm http fetch GET 200 https://registry.npmjs.org/react 19ms (cache hit)
npm http fetch GET 200 https://registry.npmjs.org/wrappy 73ms (cache revalidated)
npm http fetch GET 200 https://registry.npmjs.org/wrappy 86ms (cache revalidated)
npm verbose reify failed optional dependency /home/ankit/Desktop/MyCodes/Dustnrare/frontend/node_modules/@unrs/resolver-binding-win32-x64-msvc
npm verbose reify failed optional dependency /home/ankit/Desktop/MyCodes/Dustnrare/frontend/node_modules/@unrs/resolver-binding-win32-ia32-msvc
npm verbose reify failed optional dependency /home/ankit/Desktop/MyCodes/Dustnrare/frontend/node_modules/@unrs/resolver-binding-win32-arm64-msvc
npm verbose reify failed optional dependency /home/ankit/Desktop/MyCodes/Dustnrare/frontend/node_modules/@unrs/resolver-binding-wasm32-wasi
npm verbose reify failed optional dependency /home/ankit/Desktop/MyCodes/Dustnrare/frontend/node_modules/@napi-rs/wasm-runtime
npm verbose reify failed optional dependency /home/ankit/Desktop/MyCodes/Dustnrare/frontend/node_modules/@emnapi/core
npm verbose reify failed optional dependency /home/ankit/Desktop/MyCodes/Dustnrare/frontend/node_modules/@emnapi/runtime
npm verbose reify failed optional dependency /home/ankit/Desktop/MyCodes/Dustnrare/frontend/node_modules/@tybys/wasm-util
npm verbose reify failed optional dependency /home/ankit/Desktop/MyCodes/Dustnrare/frontend/node_modules/@emnapi/wasi-threads
npm verbose reify failed optional dependency /home/ankit/Desktop/MyCodes/Dustnrare/frontend/node_modules/@unrs/resolver-binding-linux-x64-musl
npm verbose reify failed optional dependency /home/ankit/Desktop/MyCodes/Dustnrare/frontend/node_modules/@unrs/resolver-binding-linux-s390x-gnu
npm verbose reify failed optional dependency /home/ankit/Desktop/MyCodes/Dustnrare/frontend/node_modules/@unrs/resolver-binding-linux-riscv64-musl
npm verbose reify failed optional dependency /home/ankit/Desktop/MyCodes/Dustnrare/frontend/node_modules/@unrs/resolver-binding-linux-riscv64-gnu
npm verbose reify failed optional dependency /home/ankit/Desktop/MyCodes/Dustnrare/frontend/node_modules/@unrs/resolver-binding-linux-ppc64-gnu
npm verbose reify failed optional dependency /home/ankit/Desktop/MyCodes/Dustnrare/frontend/node_modules/@unrs/resolver-binding-linux-arm64-musl
npm verbose reify failed optional dependency /home/ankit/Desktop/MyCodes/Dustnrare/frontend/node_modules/@unrs/resolver-binding-linux-arm64-gnu
npm verbose reify failed optional dependency /home/ankit/Desktop/MyCodes/Dustnrare/frontend/node_modules/@unrs/resolver-binding-linux-arm-musleabihf
npm verbose reify failed optional dependency /home/ankit/Desktop/MyCodes/Dustnrare/frontend/node_modules/@unrs/resolver-binding-linux-arm-gnueabihf
npm verbose reify failed optional dependency /home/ankit/Desktop/MyCodes/Dustnrare/frontend/node_modules/@unrs/resolver-binding-freebsd-x64
npm verbose reify failed optional dependency /home/ankit/Desktop/MyCodes/Dustnrare/frontend/node_modules/@unrs/resolver-binding-darwin-x64
npm verbose reify failed optional dependency /home/ankit/Desktop/MyCodes/Dustnrare/frontend/node_modules/@unrs/resolver-binding-darwin-arm64
npm verbose reify failed optional dependency /home/ankit/Desktop/MyCodes/Dustnrare/frontend/node_modules/@unrs/resolver-binding-android-arm64
npm verbose reify failed optional dependency /home/ankit/Desktop/MyCodes/Dustnrare/frontend/node_modules/@unrs/resolver-binding-android-arm-eabi
npm verbose reify failed optional dependency /home/ankit/Desktop/MyCodes/Dustnrare/frontend/node_modules/fsevents
npm verbose reify failed optional dependency /home/ankit/Desktop/MyCodes/Dustnrare/frontend/node_modules/@next/swc-win32-x64-msvc
npm verbose reify failed optional dependency /home/ankit/Desktop/MyCodes/Dustnrare/frontend/node_modules/@next/swc-win32-ia32-msvc
npm verbose reify failed optional dependency /home/ankit/Desktop/MyCodes/Dustnrare/frontend/node_modules/@next/swc-win32-arm64-msvc
npm verbose reify failed optional dependency /home/ankit/Desktop/MyCodes/Dustnrare/frontend/node_modules/@next/swc-linux-x64-musl
npm verbose reify failed optional dependency /home/ankit/Desktop/MyCodes/Dustnrare/frontend/node_modules/@next/swc-linux-arm64-musl
npm verbose reify failed optional dependency /home/ankit/Desktop/MyCodes/Dustnrare/frontend/node_modules/@next/swc-linux-arm64-gnu
npm verbose reify failed optional dependency /home/ankit/Desktop/MyCodes/Dustnrare/frontend/node_modules/@next/swc-darwin-x64
npm verbose reify failed optional dependency /home/ankit/Desktop/MyCodes/Dustnrare/frontend/node_modules/@next/swc-darwin-arm64
npm http fetch POST 200 https://registry.npmjs.org/-/npm/v1/security/advisories/bulk 6237ms
npm warn deprecated inflight@1.0.6: This module is not supported, and leaks memory. Do not use it. Check out lru-cache if you want a good and tested way to coalesce async requests by a key value, which is much more comprehensive and powerful.
npm warn deprecated @humanwhocodes/config-array@0.13.0: Use @eslint/config-array instead
npm warn deprecated rimraf@3.0.2: Rimraf versions prior to v4 are no longer supported
npm warn deprecated @humanwhocodes/object-schema@2.0.3: Use @eslint/object-schema instead
npm warn deprecated glob@7.2.3: Old versions of glob are not supported, and contain widely publicized security vulnerabilities, which have been fixed in the current version. Please update. Support for old versions may be purchased (at exorbitant rates) by contacting i@izs.me
npm http fetch GET 200 https://registry.npmjs.org/glob 705ms (cache miss)
npm http fetch GET 200 https://registry.npmjs.org/minimatch 873ms (cache miss)
npm warn deprecated glob@10.3.10: Old versions of glob are not supported, and contain widely publicized security vulnerabilities, which have been fixed in the current version. Please update. Support for old versions may be purchased (at exorbitant rates) by contacting i@izs.me
npm warn deprecated eslint@8.57.1: This version is no longer supported. Please see https://eslint.org/version-support for other options.
npm http fetch GET 200 https://registry.npmjs.org/next 3553ms (cache miss)
npm http fetch GET 200 https://registry.npmjs.org/@typescript-eslint%2ftypescript-estree 717ms (cache miss)
npm warn deprecated next@14.2.3: This version has a security vulnerability. Please upgrade to a patched version. See https://nextjs.org/blog/security-update-2025-12-11 for more details.
npm info run unrs-resolver@1.11.1 postinstall node_modules/unrs-resolver napi-postinstall unrs-resolver 1.11.1 check
npm info run unrs-resolver@1.11.1 postinstall { code: 0, signal: null }
npm http fetch GET 200 https://registry.npmjs.org/@next%2feslint-plugin-next 697ms (cache miss)
npm http fetch GET 200 https://registry.npmjs.org/@typescript-eslint%2fparser 709ms (cache miss)
npm http fetch GET 200 https://registry.npmjs.org/eslint-config-next 738ms (cache miss)

added 423 packages, and audited 424 packages in 1m

162 packages are looking for funding
  run `npm fund` for details

7 vulnerabilities (6 high, 1 critical)

To address issues that do not require attention, run:
  npm audit fix

To address all issues (including breaking changes), run:
  npm audit fix --force

Run `npm audit` for details.
npm verbose cwd /home/ankit/Desktop/MyCodes/Dustnrare/frontend
npm verbose os Linux 6.19.10-200.fc43.x86_64
npm verbose node v20.20.0
npm verbose npm  v10.8.2
npm verbose exit 0
npm info ok
